[    7192ms] [INFO] %cDownload the React DevTools for a better development experience: https://react.dev/link/react-devtools font-weight:bold @ http://localhost:3000/_next/static/chunks/node_modules_next_dist_1ybzpk2._.js:2477
[    7367ms] [LOG] [HMR] connected @ http://localhost:3000/_next/static/chunks/node_modules_next_dist_1ybzpk2._.js:2477
[  120576ms] [WARNING] The resource http://localhost:3000/_next/static/chunks/src_app_globals_162hn9o.css was preloaded using link preload but not used within a few seconds from the window's load event. Please make sure it has an appropriate `as` value and it is preloaded intentionally. @ http://localhost:3000/sale:0
[  134134ms] [WARNING] The resource http://localhost:3000/_next/static/chunks/src_app_globals_162hn9o.css was preloaded using link preload but not used within a few seconds from the window's load event. Please make sure it has an appropriate `as` value and it is preloaded intentionally. @ http://localhost:3000/sale:0
[  149496ms] [WARNING] The resource http://localhost:3000/_next/static/chunks/src_app_globals_162hn9o.css was preloaded using link preload but not used within a few seconds from the window's load event. Please make sure it has an appropriate `as` value and it is preloaded intentionally. @ http://localhost:3000/shop/elegant-dress:0
[  178056ms] [WARNING] The resource http://localhost:3000/_next/static/chunks/src_app_globals_162hn9o.css was preloaded using link preload but not used within a few seconds from the window's load event. Please make sure it has an appropriate `as` value and it is preloaded intentionally. @ http://localhost:3000/sale:0
[  185482ms] [WARNING] The resource http://localhost:3000/_next/static/chunks/src_app_globals_162hn9o.css was preloaded using link preload but not used within a few seconds from the window's load event. Please make sure it has an appropriate `as` value and it is preloaded intentionally. @ http://localhost:3000/:0
[  254430ms] [WARNING] The resource http://localhost:3000/_next/static/chunks/src_app_globals_162hn9o.css was preloaded using link preload but not used within a few seconds from the window's load event. Please make sure it has an appropriate `as` value and it is preloaded intentionally. @ http://localhost:3000/sale:0
[  884459ms] [WARNING] The resource http://localhost:3000/_next/static/chunks/src_app_globals_162hn9o.css was preloaded using link preload but not used within a few seconds from the window's load event. Please make sure it has an appropriate `as` value and it is preloaded intentionally. @ http://localhost:3000/sale:0
[  921083ms] [WARNING] The resource http://localhost:3000/_next/static/chunks/src_app_globals_162hn9o.css was preloaded using link preload but not used within a few seconds from the window's load event. Please make sure it has an appropriate `as` value and it is preloaded intentionally. @ http://localhost:3000/sale:0
[  996213ms] [WARNING] The resource http://localhost:3000/_next/static/chunks/src_app_globals_162hn9o.css was preloaded using link preload but not used within a few seconds from the window's load event. Please make sure it has an appropriate `as` value and it is preloaded intentionally. @ http://localhost:3000/sale:0
[ 1018860ms] [WARNING] The resource http://localhost:3000/_next/static/chunks/src_app_globals_162hn9o.css was preloaded using link preload but not used within a few seconds from the window's load event. Please make sure it has an appropriate `as` value and it is preloaded intentionally. @ http://localhost:3000/sale:0
[ 1029843ms] [WARNING] The resource http://localhost:3000/_next/static/chunks/src_app_globals_162hn9o.css was preloaded using link preload but not used within a few seconds from the window's load event. Please make sure it has an appropriate `as` value and it is preloaded intentionally. @ http://localhost:3000/sale:0
[ 1033895ms] [WARNING] The resource http://localhost:3000/_next/static/chunks/src_app_globals_162hn9o.css was preloaded using link preload but not used within a few seconds from the window's load event. Please make sure it has an appropriate `as` value and it is preloaded intentionally. @ http://localhost:3000/sale:0
[ 1038439ms] [WARNING] The resource http://localhost:3000/_next/static/chunks/src_app_globals_162hn9o.css was preloaded using link preload but not used within a few seconds from the window's load event. Please make sure it has an appropriate `as` value and it is preloaded intentionally. @ http://localhost:3000/sale:0
[ 1066590ms] [WARNING] The resource http://localhost:3000/_next/static/chunks/src_app_globals_162hn9o.css was preloaded using link preload but not used within a few seconds from the window's load event. Please make sure it has an appropriate `as` value and it is preloaded intentionally. @ http://localhost:3000/sale:0
[ 1097580ms] [WARNING] The resource http://localhost:3000/_next/static/chunks/src_app_globals_162hn9o.css was preloaded using link preload but not used within a few seconds from the window's load event. Please make sure it has an appropriate `as` value and it is preloaded intentionally. @ http://localhost:3000/sale:0
[ 1121341ms] [WARNING] The resource http://localhost:3000/_next/static/chunks/src_app_globals_162hn9o.css was preloaded using link preload but not used within a few seconds from the window's load event. Please make sure it has an appropriate `as` value and it is preloaded intentionally. @ http://localhost:3000/shop/elegant-dress:0
[ 1128912ms] [WARNING] The resource http://localhost:3000/_next/static/chunks/src_app_globals_162hn9o.css was preloaded using link preload but not used within a few seconds from the window's load event. Please make sure it has an appropriate `as` value and it is preloaded intentionally. @ http://localhost:3000/shop/elegant-dress:0
[ 1227749ms] [WARNING] The resource http://localhost:3000/_next/static/chunks/src_app_globals_162hn9o.css was preloaded using link preload but not used within a few seconds from the window's load event. Please make sure it has an appropriate `as` value and it is preloaded intentionally. @ http://localhost:3000/shop/elegant-dress:0
[ 1234464ms] [WARNING] The resource http://localhost:3000/_next/static/chunks/src_app_globals_162hn9o.css was preloaded using link preload but not used within a few seconds from the window's load event. Please make sure it has an appropriate `as` value and it is preloaded intentionally. @ http://localhost:3000/shop/elegant-dress:0
[ 1316636ms] [WARNING] The resource http://localhost:3000/_next/static/chunks/src_app_globals_162hn9o.css was preloaded using link preload but not used within a few seconds from the window's load event. Please make sure it has an appropriate `as` value and it is preloaded intentionally. @ http://localhost:3000/shop/elegant-dress:0
[ 1381970ms] [WARNING] The resource http://localhost:3000/_next/static/chunks/src_app_globals_162hn9o.css was preloaded using link preload but not used within a few seconds from the window's load event. Please make sure it has an appropriate `as` value and it is preloaded intentionally. @ http://localhost:3000/shop/elegant-dress:0
[ 1389345ms] [WARNING] The resource http://localhost:3000/_next/static/chunks/src_app_globals_162hn9o.css was preloaded using link preload but not used within a few seconds from the window's load event. Please make sure it has an appropriate `as` value and it is preloaded intentionally. @ http://localhost:3000/shop/elegant-dress:0
[ 1457134ms] [WARNING] The resource http://localhost:3000/_next/static/chunks/src_app_globals_162hn9o.css was preloaded using link preload but not used within a few seconds from the window's load event. Please make sure it has an appropriate `as` value and it is preloaded intentionally. @ http://localhost:3000/shop/elegant-dress:0
[ 1463134ms] [WARNING] The resource http://localhost:3000/_next/static/chunks/src_app_globals_162hn9o.css was preloaded using link preload but not used within a few seconds from the window's load event. Please make sure it has an appropriate `as` value and it is preloaded intentionally. @ http://localhost:3000/shop/elegant-dress:0
[ 1521838ms] [WARNING] The resource http://localhost:3000/_next/static/chunks/src_app_globals_162hn9o.css was preloaded using link preload but not used within a few seconds from the window's load event. Please make sure it has an appropriate `as` value and it is preloaded intentionally. @ http://localhost:3000/shop/new-suit:0
[ 1526066ms] [WARNING] The resource http://localhost:3000/_next/static/chunks/src_app_globals_162hn9o.css was preloaded using link preload but not used within a few seconds from the window's load event. Please make sure it has an appropriate `as` value and it is preloaded intentionally. @ http://localhost:3000/shop/new-suit:0
[ 1588377ms] [WARNING] The resource http://localhost:3000/_next/static/chunks/src_app_globals_162hn9o.css was preloaded using link preload but not used within a few seconds from the window's load event. Please make sure it has an appropriate `as` value and it is preloaded intentionally. @ http://localhost:3000/shop/new-suit:0
[ 1596874ms] [WARNING] The resource http://localhost:3000/_next/static/chunks/src_app_globals_162hn9o.css was preloaded using link preload but not used within a few seconds from the window's load event. Please make sure it has an appropriate `as` value and it is preloaded intentionally. @ http://localhost:3000/shop:0
[ 1603275ms] [WARNING] The resource http://localhost:3000/_next/static/chunks/src_app_globals_162hn9o.css was preloaded using link preload but not used within a few seconds from the window's load event. Please make sure it has an appropriate `as` value and it is preloaded intentionally. @ http://localhost:3000/shop:0
[ 1614822ms] [LOG] [HMR] connected @ http://localhost:3000/_next/static/chunks/node_modules_next_dist_1ybzpk2._.js:2477
[ 1688953ms] [LOG] [HMR] connected @ http://localhost:3000/_next/static/chunks/node_modules_next_dist_1ybzpk2._.js:2477
[ 1701719ms] [LOG] [HMR] connected @ http://localhost:3000/_next/static/chunks/node_modules_next_dist_1ybzpk2._.js:2477
